INFO 2024-11-21 01:20:02,728 signals Center created: 1 - Test Center
INFO 2024-11-21 01:20:03,078 signals Center created: 1 - Test Center
INFO 2024-11-21 01:21:49,491 signals Center created: 1 - Test Center
INFO 2024-11-21 01:21:49,846 signals Center created: 1 - Test Center
INFO 2024-11-21 01:25:15,566 signals Center created: 1 - Center 1
INFO 2024-11-21 01:25:15,566 signals Center created: 2 - Center 2
INFO 2024-11-21 01:51:40,292 signals Center created: 1 - Center 1
INFO 2024-11-21 01:51:40,292 signals Center created: 2 - Center 2
INFO 2024-11-21 01:52:45,586 signals Center created: 1 - Center 1
INFO 2024-11-21 01:52:45,587 signals Center created: 2 - Center 2
INFO 2024-11-21 01:53:16,361 signals Center created: 1 - Center 1
INFO 2024-11-21 01:53:16,361 signals Center created: 2 - Center 2
INFO 2024-11-21 01:54:23,612 signals Center created: 1 - Center 1
INFO 2024-11-21 01:54:23,613 signals Center created: 2 - Center 2
INFO 2024-11-21 01:56:25,081 signals Center created: 1 - Center 1
INFO 2024-11-21 01:56:25,081 signals Center created: 2 - Center 2
INFO 2024-11-21 01:56:37,033 signals Center created: 1 - Center 1
INFO 2024-11-21 01:56:37,033 signals Center created: 2 - Center 2
INFO 2024-11-21 01:57:26,688 signals Center created: 1 - Center 1
INFO 2024-11-21 01:57:26,689 signals Center created: 2 - Center 2
INFO 2024-11-21 01:59:31,967 signals Center created: 1 - Center 1
INFO 2024-11-21 01:59:31,967 signals Center created: 2 - Center 2
INFO 2024-11-21 13:46:40,613 signals Center created: 1 - Test Center
INFO 2024-11-21 13:46:56,528 signals Center created: 1 - Test Center
INFO 2024-11-23 21:25:43,879 signals Schedule created: 19 - Section: Dombyra, Start: 2024-12-11 00:00:00+05:00
INFO 2024-11-26 20:27:51,179 signals Schedule created: 20 - Section: Chess section, Start: 2024-12-11 00:00:00+05:00
INFO 2024-11-26 21:18:02,405 signals Schedule created: 21 - Section: Math for kids, Start: 2024-12-11 00:00:00+05:00
INFO 2024-11-26 21:24:08,586 signals Schedule created: 22 - Section: Math for kids, Start: 2024-12-11 00:00:00+05:00
INFO 2024-11-26 22:13:38,650 signals Schedule updated: 17 - Section: Math for kids, Start: 2024-11-07 00:48:56+05:00
INFO 2024-11-26 22:20:18,964 signals Schedule updated: 17 - Section: Math for kids, Start: 2024-11-07 00:48:56+05:00
INFO 2024-12-02 00:25:36,378 signals Schedule created: 23 - Section: Dombyra section, Start: 2024-12-02 03:23:00+05:00
INFO 2024-12-02 19:30:37,806 signals Schedule updated: 18 - Section: Dombyra section, Start: 2024-11-07 00:46:30+05:00
INFO 2024-12-02 19:30:42,878 signals Schedule updated: 18 - Section: Dombyra section, Start: 2024-11-07 00:46:30+05:00
INFO 2024-12-02 19:30:52,098 signals Schedule updated: 18 - Section: Dombyra section, Start: 2024-11-07 00:46:30+05:00
INFO 2024-12-02 19:35:03,154 signals Schedule updated: 18 - Section: Dombyra section, Start: 2024-11-07 00:46:30+05:00
INFO 2024-12-02 19:46:36,405 signals Schedule updated: 18 - Section: Dombyra section, Start: 2024-11-07 00:46:30+05:00
INFO 2024-12-02 19:47:08,660 signals Schedule created: 24 - Section: Gym, Start: 2024-12-03 19:46:00+05:00
INFO 2024-12-02 19:47:14,561 signals Schedule updated: 24 - Section: Gym, Start: 2024-12-03 19:46:00+05:00
INFO 2024-12-02 19:47:16,327 signals Schedule updated: 24 - Section: Gym, Start: 2024-12-03 19:46:00+05:00
INFO 2024-12-02 19:47:17,391 signals Schedule updated: 24 - Section: Gym, Start: 2024-12-03 19:46:00+05:00
INFO 2024-12-02 19:47:18,829 signals Schedule updated: 24 - Section: Gym, Start: 2024-12-03 19:46:00+05:00
INFO 2024-12-02 19:47:20,134 signals Schedule updated: 24 - Section: Gym, Start: 2024-12-03 19:46:00+05:00
INFO 2024-12-02 19:47:21,184 signals Schedule updated: 24 - Section: Gym, Start: 2024-12-03 19:46:00+05:00
INFO 2024-12-02 19:47:22,166 signals Schedule updated: 24 - Section: Gym, Start: 2024-12-03 19:46:00+05:00
INFO 2024-12-02 19:47:23,017 signals Schedule updated: 24 - Section: Gym, Start: 2024-12-03 19:46:00+05:00
INFO 2024-12-02 19:47:25,340 signals Schedule updated: 24 - Section: Gym, Start: 2024-12-03 19:46:00+05:00
INFO 2024-12-02 19:47:26,514 signals Schedule updated: 24 - Section: Gym, Start: 2024-12-03 19:46:00+05:00
INFO 2024-12-02 19:48:30,467 signals Schedule updated: 18 - Section: Dombyra section, Start: 2024-12-02 20:46:30+05:00
INFO 2024-12-02 19:48:43,626 signals Schedule updated: 18 - Section: Dombyra section, Start: 2024-12-02 20:46:30+05:00
INFO 2024-12-02 19:52:56,897 signals Schedule updated: 18 - Section: Dombyra section, Start: 2024-12-02 20:46:30+05:00
INFO 2024-12-02 19:53:06,039 signals Schedule updated: 23 - Section: Dombyra section, Start: 2024-12-02 03:23:00+05:00
INFO 2024-12-02 19:53:13,551 signals Schedule updated: 24 - Section: Gym, Start: 2024-12-03 19:46:00+05:00
INFO 2024-12-02 19:53:14,337 signals Schedule updated: 24 - Section: Gym, Start: 2024-12-03 19:46:00+05:00
INFO 2024-12-02 19:53:15,116 signals Schedule updated: 24 - Section: Gym, Start: 2024-12-03 19:46:00+05:00
INFO 2024-12-02 19:53:15,959 signals Schedule updated: 24 - Section: Gym, Start: 2024-12-03 19:46:00+05:00
INFO 2024-12-02 19:53:18,044 signals Schedule updated: 24 - Section: Gym, Start: 2024-12-03 19:46:00+05:00
INFO 2024-12-02 23:13:59,324 signals Schedule updated: 18 - Section: Dombyra section, Start: 2024-12-03 20:46:30+05:00
INFO 2024-12-02 23:14:14,565 signals Schedule updated: 18 - Section: Dombyra section, Start: 2024-12-03 20:46:30+05:00
INFO 2024-12-02 23:14:15,890 signals Schedule updated: 18 - Section: Dombyra section, Start: 2024-12-03 20:46:30+05:00
INFO 2024-12-02 23:15:08,093 signals Schedule updated: 18 - Section: Dombyra section, Start: 2024-12-03 20:46:30+05:00
INFO 2024-12-02 23:15:47,016 signals Schedule created: 25 - Section: Dombyra, Start: 2024-12-03 23:15:00+05:00
INFO 2024-12-02 23:24:14,160 signals Schedule updated: 18 - Section: Dombyra section, Start: 2024-12-04 20:46:30+05:00
INFO 2024-12-02 23:36:31,762 signals Schedule deleted: 25 - Section: Dombyra
INFO 2024-12-02 23:36:31,762 signals Schedule deleted: 24 - Section: Gym
INFO 2024-12-02 23:36:31,762 signals Schedule deleted: 23 - Section: Dombyra section
INFO 2024-12-02 23:36:31,762 signals Schedule deleted: 19 - Section: Dombyra
INFO 2024-12-02 23:37:57,654 signals Schedule updated: 18 - Section: Dombyra section, Start: 2024-12-04 20:46:30+05:00
INFO 2024-12-02 23:38:21,613 signals Schedule updated: 16 - Section: Gym, Start: 2024-12-04 00:16:56+05:00
INFO 2024-12-02 23:59:30,486 signals Schedule updated: 18 - Section: Dombyra section, Start: 2024-12-04 20:46:30+05:00
INFO 2024-12-02 23:59:34,847 signals Schedule updated: 18 - Section: Dombyra section, Start: 2024-12-04 20:46:30+05:00
INFO 2024-12-02 23:59:40,700 signals Schedule updated: 16 - Section: Gym, Start: 2024-12-04 00:16:56+05:00
INFO 2024-12-03 00:00:06,458 signals Schedule updated: 18 - Section: Dombyra section, Start: 2024-12-04 20:46:30+05:00
INFO 2024-12-03 00:04:31,889 signals Schedule updated: 18 - Section: Dombyra section, Start: 2024-12-04 15:46:30+00:00
INFO 2024-12-03 00:04:32,994 signals Schedule updated: 18 - Section: Dombyra section, Start: 2024-12-04 15:46:30+00:00
INFO 2024-12-03 00:04:33,763 signals Schedule updated: 18 - Section: Dombyra section, Start: 2024-12-04 15:46:30+00:00
INFO 2024-12-03 00:04:35,069 signals Schedule updated: 18 - Section: Dombyra section, Start: 2024-12-04 15:46:30+00:00
INFO 2024-12-03 00:04:42,308 signals Schedule updated: 18 - Section: Dombyra section, Start: 2024-12-04 20:46:30+05:00
INFO 2024-12-03 00:05:06,322 signals Schedule updated: 18 - Section: Dombyra section, Start: 2024-12-04 15:46:30+00:00
INFO 2024-12-03 00:05:11,867 signals Schedule updated: 18 - Section: Dombyra section, Start: 2024-12-04 20:46:30+05:00
INFO 2024-12-03 00:05:49,963 signals Schedule updated: 18 - Section: Dombyra section, Start: 2024-12-04 15:46:30+00:00
INFO 2024-12-03 00:05:50,796 signals Schedule updated: 18 - Section: Dombyra section, Start: 2024-12-04 15:46:30+00:00
INFO 2024-12-03 00:06:09,818 signals Schedule updated: 18 - Section: Dombyra section, Start: 2024-12-04 20:46:30+05:00
INFO 2024-12-04 03:06:37,600 signals Schedule updated: 16 - Section: Gym, Start: 2024-12-04 00:16:56+05:00
INFO 2024-12-04 06:05:26,722 signals Schedule updated: 16 - Section: Gym, Start: 2024-12-04 00:16:56+05:00
INFO 2024-12-04 06:06:08,477 signals Schedule created: 26 - Section: Gym, Start: 2024-12-04 15:07:00+05:00
INFO 2024-12-04 06:06:38,148 signals Booking created: 75 - User: test user, Section: Gym
INFO 2024-12-04 06:06:38,150 signals Schedule updated: 26 - Section: Gym, Start: 2024-12-04 10:07:00+00:00
INFO 2024-12-04 06:13:34,879 signals Booking deleted: 74 - User: test user, Section: Dombyra section
<<<<<<< HEAD
INFO 2024-12-04 09:30:11,634 signals Booking created: 76 - User: test user, Section: Gym
INFO 2024-12-04 09:30:11,635 signals Schedule updated: 26 - Section: Gym, Start: 2024-12-04 10:07:00+00:00
INFO 2024-12-04 09:30:20,536 signals Schedule updated: 26 - Section: Gym, Start: 2024-12-04 10:07:00+00:00
INFO 2024-12-04 09:30:20,559 signals Booking updated: 76 - User: test user, Section: Gym
INFO 2024-12-04 09:30:28,528 signals FavoriteSection deleted: 17 - Client: test user, Section: Chess for very littles
INFO 2024-12-04 09:30:29,016 signals FavoriteSection created: 18 - Client: test user, Section: Chess for very littles
INFO 2024-12-04 09:31:02,409 signals Schedule updated: 18 - Section: Dombyra section, Start: 2024-12-04 15:46:30+00:00
INFO 2024-12-04 09:31:03,275 signals Schedule updated: 18 - Section: Dombyra section, Start: 2024-12-04 15:46:30+00:00
INFO 2024-12-05 12:01:20,996 signals Booking updated: 75 - User: test user, Section: Gym
INFO 2024-12-05 23:54:41,513 signals Category created: 2 - Music
INFO 2024-12-05 23:54:42,188 signals Category created: 3 - Science
INFO 2024-12-05 23:54:42,948 signals Category created: 4 - Sport
INFO 2024-12-05 23:54:43,766 signals Center created: 1 - Sun center
INFO 2024-12-05 23:54:44,585 signals Center created: 2 - MusiKIDS
INFO 2024-12-05 23:54:45,405 signals Center created: 3 - Dojo
INFO 2024-12-05 23:54:46,224 signals Center created: 4 - Danabala
INFO 2024-12-05 23:54:47,657 signals Section created: 1 - Chess section
INFO 2024-12-05 23:54:48,374 signals Section created: 2 - Chess for very littles
INFO 2024-12-05 23:54:49,116 signals Section created: 3 - Dombyra in 30 days
INFO 2024-12-05 23:54:49,778 signals Section created: 4 - Dombyra section
INFO 2024-12-05 23:54:50,439 signals Section created: 5 - Math for kids
INFO 2024-12-05 23:54:51,164 signals Section created: 6 - Gym
INFO 2024-12-05 23:54:51,959 signals Section created: 7 - Dombyra
INFO 2024-12-05 23:54:53,165 signals Schedule created: 14 - Section: Chess section, Start: 2024-11-08 19:16:08+00:00
INFO 2024-12-05 23:54:54,261 signals Schedule created: 15 - Section: Dombyra in 30 days, Start: 2024-11-09 19:16:33+00:00
INFO 2024-12-05 23:54:55,253 signals Schedule created: 16 - Section: Gym, Start: 2024-12-03 19:16:56+00:00
INFO 2024-12-05 23:54:56,464 signals Schedule created: 17 - Section: Math for kids, Start: 2024-11-06 19:48:56+00:00
INFO 2024-12-05 23:54:57,693 signals Schedule created: 18 - Section: Dombyra section, Start: 2024-12-04 15:46:30+00:00
INFO 2024-12-05 23:54:58,746 signals Schedule created: 20 - Section: Chess section, Start: 2024-12-10 19:00:00+00:00
INFO 2024-12-05 23:54:59,741 signals Schedule created: 21 - Section: Math for kids, Start: 2024-12-10 19:00:00+00:00
INFO 2024-12-05 23:55:00,780 signals Schedule created: 22 - Section: Math for kids, Start: 2024-12-10 19:00:00+00:00
INFO 2024-12-05 23:55:03,632 signals Schedule created: 26 - Section: Gym, Start: 2024-12-04 10:07:00+00:00
INFO 2024-12-05 23:55:05,902 signals Booking created: 69 - User: test user, Section: Gym
INFO 2024-12-05 23:55:08,344 signals Booking created: 70 - User: test user, Section: Gym
INFO 2024-12-05 23:55:10,800 signals Booking created: 71 - User: test user, Section: Chess section
INFO 2024-12-05 23:55:13,008 signals Booking created: 72 - User: test user, Section: Dombyra in 30 days
INFO 2024-12-05 23:55:16,023 signals Booking created: 73 - User: test user, Section: Math for kids
INFO 2024-12-05 23:55:18,481 signals Booking created: 75 - User: test user, Section: Gym
INFO 2024-12-05 23:55:20,939 signals Booking created: 76 - User: test user, Section: Gym
INFO 2024-12-06 00:37:08,446 signals Category created: 2 - Music
INFO 2024-12-06 00:37:09,181 signals Category created: 3 - Science
INFO 2024-12-06 00:37:09,879 signals Category created: 4 - Sport
INFO 2024-12-06 00:37:10,597 signals Center created: 1 - Sun center
INFO 2024-12-06 00:37:11,416 signals Center created: 2 - MusiKIDS
INFO 2024-12-06 00:37:12,152 signals Center created: 3 - Dojo
INFO 2024-12-06 00:37:12,952 signals Center created: 4 - Danabala
INFO 2024-12-06 00:37:13,692 signals Section created: 1 - Chess section
INFO 2024-12-06 00:37:14,386 signals Section created: 2 - Chess for very littles
INFO 2024-12-06 00:37:15,205 signals Section created: 3 - Dombyra in 30 days
INFO 2024-12-06 00:37:16,024 signals Section created: 4 - Dombyra section
INFO 2024-12-06 00:37:16,843 signals Section created: 5 - Math for kids
INFO 2024-12-06 00:37:17,660 signals Section created: 6 - Gym
INFO 2024-12-06 00:37:18,380 signals Section created: 7 - Dombyra
INFO 2024-12-06 00:37:19,711 signals Schedule created: 14 - Section: Chess section, Start: 2024-11-08 19:16:08+00:00
INFO 2024-12-06 00:37:20,939 signals Schedule created: 15 - Section: Dombyra in 30 days, Start: 2024-11-09 19:16:33+00:00
INFO 2024-12-06 00:37:22,168 signals Schedule created: 16 - Section: Gym, Start: 2024-12-03 19:16:56+00:00
INFO 2024-12-06 00:37:23,314 signals Schedule created: 17 - Section: Math for kids, Start: 2024-11-06 19:48:56+00:00
INFO 2024-12-06 00:37:24,523 signals Schedule created: 18 - Section: Dombyra section, Start: 2024-12-04 15:46:30+00:00
INFO 2024-12-06 00:37:25,753 signals Schedule created: 20 - Section: Chess section, Start: 2024-12-10 19:00:00+00:00
INFO 2024-12-06 00:37:26,981 signals Schedule created: 21 - Section: Math for kids, Start: 2024-12-10 19:00:00+00:00
INFO 2024-12-06 00:37:28,127 signals Schedule created: 22 - Section: Math for kids, Start: 2024-12-10 19:00:00+00:00
INFO 2024-12-06 00:37:29,337 signals Schedule created: 26 - Section: Gym, Start: 2024-12-04 10:07:00+00:00
INFO 2024-12-06 00:37:31,590 signals Booking created: 69 - User: test user, Section: Gym
INFO 2024-12-06 00:37:33,836 signals Booking created: 70 - User: test user, Section: Gym
INFO 2024-12-06 00:37:36,011 signals Booking created: 71 - User: test user, Section: Chess section
INFO 2024-12-06 00:37:38,245 signals Booking created: 72 - User: test user, Section: Dombyra in 30 days
INFO 2024-12-06 00:37:40,601 signals Booking created: 73 - User: test user, Section: Math for kids
INFO 2024-12-06 00:37:43,041 signals Booking created: 75 - User: test user, Section: Gym
INFO 2024-12-06 00:37:45,413 signals Booking created: 76 - User: test user, Section: Gym
INFO 2024-12-06 00:41:42,371 signals Category created: 2 - Music
INFO 2024-12-06 00:41:43,041 signals Category created: 3 - Science
INFO 2024-12-06 00:41:43,804 signals Category created: 4 - Sport
INFO 2024-12-06 00:41:44,623 signals Center created: 1 - Sun center
INFO 2024-12-06 00:41:45,442 signals Center created: 2 - MusiKIDS
INFO 2024-12-06 00:41:46,262 signals Center created: 3 - Dojo
INFO 2024-12-06 00:41:47,082 signals Center created: 4 - Danabala
INFO 2024-12-06 00:41:47,816 signals Section created: 1 - Chess section
INFO 2024-12-06 00:41:48,619 signals Section created: 2 - Chess for very littles
INFO 2024-12-06 00:41:49,436 signals Section created: 3 - Dombyra in 30 days
INFO 2024-12-06 00:41:50,255 signals Section created: 4 - Dombyra section
INFO 2024-12-06 00:41:50,970 signals Section created: 5 - Math for kids
INFO 2024-12-06 00:41:51,792 signals Section created: 6 - Gym
INFO 2024-12-06 00:41:52,611 signals Section created: 7 - Dombyra
INFO 2024-12-06 00:41:53,737 signals Schedule created: 14 - Section: Chess section, Start: 2024-11-08 19:16:08+00:00
INFO 2024-12-06 00:41:54,885 signals Schedule created: 15 - Section: Dombyra in 30 days, Start: 2024-11-09 19:16:33+00:00
INFO 2024-12-06 00:41:56,093 signals Schedule created: 16 - Section: Gym, Start: 2024-12-03 19:16:56+00:00
INFO 2024-12-06 00:41:57,219 signals Schedule created: 17 - Section: Math for kids, Start: 2024-11-06 19:48:56+00:00
INFO 2024-12-06 00:41:58,981 signals Schedule created: 18 - Section: Dombyra section, Start: 2024-12-04 15:46:30+00:00
INFO 2024-12-06 00:42:00,122 signals Schedule created: 20 - Section: Chess section, Start: 2024-12-10 19:00:00+00:00
INFO 2024-12-06 00:42:01,213 signals Schedule created: 21 - Section: Math for kids, Start: 2024-12-10 19:00:00+00:00
INFO 2024-12-06 00:42:02,442 signals Schedule created: 22 - Section: Math for kids, Start: 2024-12-10 19:00:00+00:00
INFO 2024-12-06 00:42:03,670 signals Schedule created: 26 - Section: Gym, Start: 2024-12-04 10:07:00+00:00
INFO 2024-12-06 00:42:06,128 signals Booking created: 69 - User: test user, Section: Gym
INFO 2024-12-06 00:42:09,118 signals Booking created: 70 - User: test user, Section: Gym
INFO 2024-12-06 00:42:11,351 signals Booking created: 71 - User: test user, Section: Chess section
INFO 2024-12-06 00:42:13,706 signals Booking created: 72 - User: test user, Section: Dombyra in 30 days
INFO 2024-12-06 00:42:15,959 signals Booking created: 73 - User: test user, Section: Math for kids
INFO 2024-12-06 00:42:18,314 signals Booking created: 75 - User: test user, Section: Gym
INFO 2024-12-06 00:42:20,669 signals Booking created: 76 - User: test user, Section: Gym
=======
INFO 2024-12-11 04:22:50,107 signals Schedule created: 27 - Section: Gym, Start: 2024-12-14 04:53:00+05:00
INFO 2024-12-11 04:24:19,174 signals Booking created: 76 - User: test user, Section: Gym
INFO 2024-12-11 04:24:19,174 signals Schedule updated: 27 - Section: Gym, Start: 2024-12-13 23:53:00+00:00
INFO 2024-12-11 04:24:25,110 signals Booking updated: 75 - User: test user, Section: Gym
INFO 2024-12-11 04:28:23,329 signals Booking updated: 76 - User: test user, Section: Gym
INFO 2024-12-11 05:01:25,801 signals Schedule updated: 18 - Section: Dombyra section, Start: 2024-12-04 15:46:30+00:00
INFO 2024-12-11 05:01:27,880 signals Schedule updated: 18 - Section: Dombyra section, Start: 2024-12-04 15:46:30+00:00
INFO 2024-12-11 05:01:32,226 signals Schedule updated: 27 - Section: Gym, Start: 2024-12-13 23:53:00+00:00
INFO 2024-12-11 05:02:11,680 signals Booking created: 77 - User: test user, Section: Gym
INFO 2024-12-11 05:02:11,681 signals Schedule updated: 27 - Section: Gym, Start: 2024-12-13 23:53:00+00:00
INFO 2024-12-11 05:02:46,937 signals Schedule updated: 27 - Section: Gym, Start: 2024-12-13 23:53:00+00:00
INFO 2024-12-11 05:02:47,780 signals Schedule updated: 27 - Section: Gym, Start: 2024-12-13 23:53:00+00:00
INFO 2024-12-11 05:05:49,909 signals Schedule updated: 27 - Section: Gym, Start: 2024-12-13 23:53:00+00:00
INFO 2024-12-11 05:05:51,900 signals Schedule updated: 27 - Section: Gym, Start: 2024-12-13 23:53:00+00:00
INFO 2024-12-11 05:15:12,016 signals Schedule created: 28 - Section: Gym, Start: 2024-12-14 07:07:00+05:00
INFO 2024-12-11 05:15:38,739 signals Booking created: 78 - User: test user, Section: Gym
INFO 2024-12-11 05:15:38,741 signals Schedule updated: 28 - Section: Gym, Start: 2024-12-14 02:07:00+00:00
INFO 2024-12-11 05:16:00,939 signals Booking updated: 78 - User: test user, Section: Gym
INFO 2024-12-11 05:16:00,958 signals Schedule updated: 28 - Section: Gym, Start: 2024-12-14 02:07:00+00:00
INFO 2024-12-11 05:23:14,423 signals Schedule updated: 18 - Section: Dombyra section, Start: 2024-12-04 15:46:30+00:00
INFO 2024-12-11 05:23:17,974 signals Schedule updated: 16 - Section: Gym, Start: 2024-12-03 19:16:56+00:00
INFO 2024-12-11 05:23:34,032 signals Schedule updated: 26 - Section: Gym, Start: 2024-12-04 10:07:00+00:00
>>>>>>> main
