INFO 2024-11-21 01:11:27,619 signals Client created: 1 - Test User
INFO 2024-11-21 01:11:27,896 signals Client created: 1 - Test User
INFO 2024-11-21 01:13:08,555 signals Client created: 1 - Test User
INFO 2024-11-21 01:13:08,826 signals Client created: 1 - Test User
INFO 2024-11-21 01:15:50,566 signals Client created: 1 - Test User
INFO 2024-11-21 01:15:50,833 signals Client created: 1 - Test User
INFO 2024-11-21 01:16:16,773 signals Client created: 1 - Test User
INFO 2024-11-21 01:16:17,041 signals Client created: 1 - Test User
INFO 2024-11-21 01:19:02,089 signals Client created: 1 - Test User
INFO 2024-11-21 01:19:02,356 signals Client created: 1 - Test User
INFO 2024-11-21 01:19:19,448 signals Client created: 1 - Test User
INFO 2024-11-21 01:19:19,714 signals Client created: 1 - Test User
INFO 2024-11-21 01:20:03,684 signals Client created: 1 - Test User
INFO 2024-11-21 01:20:03,868 signals Client created: 1 - Test User
INFO 2024-11-21 01:21:50,436 signals Client created: 1 - Test User
INFO 2024-11-21 01:21:50,619 signals Client created: 1 - Test User
INFO 2024-11-21 01:22:17,676 signals Client created: 1 - Test User
INFO 2024-11-21 01:22:17,866 signals Client created: 1 - Test User
INFO 2024-11-21 01:25:15,975 signals Client created: 1 - Test User
INFO 2024-11-21 01:25:16,164 signals Client created: 1 - Test User
INFO 2024-11-21 01:51:40,750 signals Client created: 1 - Test User
INFO 2024-11-21 01:51:40,937 signals Client created: 1 - Test User
INFO 2024-11-21 01:52:46,013 signals Client created: 1 - Test User
INFO 2024-11-21 01:52:46,207 signals Client created: 1 - Test User
INFO 2024-11-21 01:53:16,770 signals Client created: 1 - Test User
INFO 2024-11-21 01:53:16,966 signals Client created: 1 - Test User
INFO 2024-11-21 01:54:24,035 signals Client created: 1 - Test User
INFO 2024-11-21 01:54:24,231 signals Client created: 1 - Test User
INFO 2024-11-21 01:56:25,500 signals Client created: 1 - Test User
INFO 2024-11-21 01:56:25,689 signals Client created: 1 - Test User
INFO 2024-11-21 01:57:27,114 signals Client created: 1 - Test User
INFO 2024-11-21 01:57:27,312 signals Client created: 1 - Test User
INFO 2024-11-21 01:59:32,382 signals Client created: 1 - Test User
INFO 2024-11-21 01:59:32,593 signals Client created: 1 - Test User
INFO 2024-11-21 01:59:32,774 signals Client created: 1 - Test User
INFO 2024-11-21 01:59:32,981 signals Client created: 1 - Test User
INFO 2024-11-21 01:59:33,162 signals Client created: 1 - Test User
INFO 2024-11-21 01:59:33,351 signals Client created: 1 - Test User
INFO 2024-11-21 02:00:30,883 signals Client created: 1 - Test User
INFO 2024-11-21 02:00:31,143 signals Client created: 1 - Test User
INFO 2024-11-21 02:00:31,329 signals Client created: 1 - Test User
INFO 2024-11-21 02:00:31,548 signals Client created: 1 - Test User
INFO 2024-11-21 02:00:31,731 signals Client created: 1 - Test User
INFO 2024-11-21 02:00:31,924 signals Client created: 1 - Test User
INFO 2024-11-21 02:01:50,399 signals Client created: 1 - Test User
INFO 2024-11-21 02:01:50,659 signals Client created: 1 - Test User
INFO 2024-11-21 02:01:50,843 signals Client created: 1 - Test User
INFO 2024-11-21 02:01:51,042 signals Client created: 1 - Test User
INFO 2024-11-21 02:01:51,226 signals Client created: 1 - Test User
INFO 2024-11-21 02:01:51,419 signals Client created: 1 - Test User
INFO 2024-11-21 02:03:35,483 signals Client created: 1 - Test User
INFO 2024-11-21 02:03:36,238 signals Client created: 1 - Test User
INFO 2024-11-21 02:03:37,013 signals Client created: 1 - Test User
INFO 2024-11-21 02:03:37,780 signals Client created: 1 - Test User
INFO 2024-11-21 02:03:38,537 signals Client created: 1 - Test User
INFO 2024-11-21 02:03:39,286 signals Client created: 1 - Test User
INFO 2024-11-21 02:04:31,259 signals Client created: 1 - Test User
INFO 2024-11-21 02:04:32,047 signals Client created: 1 - Test User
INFO 2024-11-21 02:04:32,833 signals Client created: 1 - Test User
INFO 2024-11-21 02:04:33,622 signals Client created: 1 - Test User
INFO 2024-11-21 02:04:34,420 signals Client created: 1 - Test User
INFO 2024-11-21 02:04:35,211 signals Client created: 1 - Test User
INFO 2024-11-21 02:05:02,672 signals Client created: 1 - Test User
INFO 2024-11-21 02:05:02,925 signals Client created: 1 - Test User
INFO 2024-11-21 02:05:03,108 signals Client created: 1 - Test User
INFO 2024-11-21 02:05:03,344 signals Client created: 1 - Test User
INFO 2024-11-21 02:06:08,950 signals Client created: 1 - Test User
INFO 2024-11-21 02:06:09,202 signals Client created: 1 - Test User
INFO 2024-11-21 02:06:09,385 signals Client created: 1 - Test User
INFO 2024-11-21 02:06:09,595 signals Client created: 1 - Test User
INFO 2024-11-21 12:50:25,425 signals Client created: 1 - Test User
INFO 2024-11-21 12:50:25,850 signals Client created: 1 - Test User
INFO 2024-11-21 12:50:26,177 signals Client created: 1 - Test User
INFO 2024-11-21 12:50:26,571 signals Client created: 1 - Test User
INFO 2024-11-21 13:07:28,784 signals Client created: 1 - Test User
INFO 2024-11-21 13:07:29,178 signals Client created: 1 - Test User
INFO 2024-11-21 13:07:29,465 signals Client created: 1 - Test User
INFO 2024-11-21 13:07:29,809 signals Client created: 1 - Test User
INFO 2024-11-21 13:15:32,145 signals Client created: 1 - Test User
INFO 2024-11-21 13:15:32,565 signals Client created: 1 - Test User
INFO 2024-11-21 13:15:32,866 signals Client created: 1 - Test User
INFO 2024-11-21 13:15:33,301 signals Client created: 1 - Test User
INFO 2024-11-21 13:19:36,784 signals Client created: 1 - Test User
INFO 2024-11-21 13:19:37,286 signals Client created: 1 - Test User
INFO 2024-11-21 13:19:37,580 signals Client created: 1 - Test User
INFO 2024-11-21 13:19:37,911 signals Client created: 1 - Test User
INFO 2024-11-21 13:21:18,707 signals Client created: 1 - Test User
INFO 2024-11-21 13:21:19,527 signals Client created: 1 - Test User
INFO 2024-11-21 13:21:20,223 signals Client created: 1 - Test User
INFO 2024-11-21 13:21:20,916 signals Client created: 1 - Test User
INFO 2024-11-21 13:21:21,622 signals Client created: 1 - Test User
INFO 2024-11-21 13:21:22,317 signals Client created: 1 - Test User
INFO 2024-11-21 13:21:23,014 signals Client created: 1 - Test User
INFO 2024-11-21 13:21:52,397 signals Client created: 1 - Test User
INFO 2024-11-21 13:21:53,157 signals Client created: 1 - Test User
INFO 2024-11-21 13:21:53,840 signals Client created: 1 - Test User
INFO 2024-11-21 13:21:54,532 signals Client created: 1 - Test User
INFO 2024-11-21 13:21:55,214 signals Client created: 1 - Test User
INFO 2024-11-21 13:21:55,910 signals Client created: 1 - Test User
INFO 2024-11-21 13:21:56,589 signals Client created: 1 - Test User
INFO 2024-11-21 13:23:29,784 signals Client created: 1 - Test User
INFO 2024-11-21 13:23:30,605 signals Client created: 1 - Test User
INFO 2024-11-21 13:23:31,320 signals Client created: 1 - Test User
INFO 2024-11-21 13:23:32,019 signals Client created: 1 - Test User
INFO 2024-11-21 13:23:32,763 signals Client created: 1 - Test User
INFO 2024-11-21 13:23:33,530 signals Client created: 1 - Test User
INFO 2024-11-21 13:23:34,291 signals Client created: 1 - Test User
INFO 2024-11-21 13:25:03,696 signals Client created: 1 - Test User
INFO 2024-11-21 13:25:04,497 signals Client created: 1 - Test User
INFO 2024-11-21 13:25:05,187 signals Client created: 1 - Test User
INFO 2024-11-21 13:25:05,882 signals Client created: 1 - Test User
INFO 2024-11-21 13:25:06,565 signals Client created: 1 - Test User
INFO 2024-11-21 13:25:07,257 signals Client created: 1 - Test User
INFO 2024-11-21 13:25:07,944 signals Client created: 1 - Test User
INFO 2024-11-21 13:26:28,131 signals Client created: 1 - Test User
INFO 2024-11-21 13:26:28,955 signals Client created: 1 - Test User
INFO 2024-11-21 13:26:29,712 signals Client created: 1 - Test User
INFO 2024-11-21 13:26:30,432 signals Client created: 1 - Test User
INFO 2024-11-21 13:26:31,125 signals Client created: 1 - Test User
INFO 2024-11-21 13:26:31,829 signals Client created: 1 - Test User
INFO 2024-11-21 13:26:32,514 signals Client created: 1 - Test User
INFO 2024-11-21 13:27:31,934 signals Client created: 1 - Test User
INFO 2024-11-21 13:27:31,936 signals Child created: 1 - Child One
INFO 2024-11-21 13:27:31,937 signals Subscription created: 1 - Child: Child, Type: Basic Plan
INFO 2024-11-21 13:27:32,423 signals Client created: 1 - Test User
INFO 2024-11-21 13:27:32,424 signals Child created: 1 - Child One
INFO 2024-11-21 13:27:32,425 signals Subscription created: 1 - Child: Child, Type: Basic Plan
INFO 2024-11-21 13:27:32,729 signals Client created: 1 - Test User
INFO 2024-11-21 13:27:32,730 signals Child created: 1 - Child One
INFO 2024-11-21 13:27:32,731 signals Subscription created: 1 - Child: Child, Type: Basic Plan
INFO 2024-11-21 13:27:33,331 signals Client created: 1 - Test User
INFO 2024-11-21 13:27:33,332 signals Child created: 1 - Child One
INFO 2024-11-21 13:27:33,332 signals Subscription created: 1 - Child: Child, Type: Basic Plan
INFO 2024-11-21 13:27:33,623 signals Client created: 1 - Test User
INFO 2024-11-21 13:27:33,625 signals Child created: 1 - Child One
INFO 2024-11-21 13:27:33,625 signals Subscription created: 1 - Child: Child, Type: Basic Plan
INFO 2024-11-21 13:27:33,917 signals Client created: 2 - New Client
INFO 2024-11-21 13:27:34,205 signals Client created: 1 - Test User
INFO 2024-11-21 13:27:34,206 signals Child created: 1 - Child One
INFO 2024-11-21 13:27:34,207 signals Subscription created: 1 - Child: Child, Type: Basic Plan
INFO 2024-11-21 13:27:34,513 signals Client created: 1 - Test User
INFO 2024-11-21 13:27:34,514 signals Child created: 1 - Child One
INFO 2024-11-21 13:27:34,515 signals Subscription created: 1 - Child: Child, Type: Basic Plan
INFO 2024-11-21 13:30:32,386 signals Client created: 1 - Test User
INFO 2024-11-21 13:30:32,388 signals Child created: 1 - Child One
INFO 2024-11-21 13:30:32,389 signals Subscription created: 1 - Child: Child, Type: Basic Plan
INFO 2024-11-21 13:30:32,784 signals Client created: 1 - Test User
INFO 2024-11-21 13:30:32,785 signals Child created: 1 - Child One
INFO 2024-11-21 13:30:32,785 signals Subscription created: 1 - Child: Child, Type: Basic Plan
INFO 2024-11-21 13:30:33,073 signals Client created: 1 - Test User
INFO 2024-11-21 13:30:33,074 signals Child created: 1 - Child One
INFO 2024-11-21 13:30:33,074 signals Subscription created: 1 - Child: Child, Type: Basic Plan
INFO 2024-11-21 13:30:33,662 signals Client created: 1 - Test User
INFO 2024-11-21 13:30:33,663 signals Child created: 1 - Child One
INFO 2024-11-21 13:30:33,664 signals Subscription created: 1 - Child: Child, Type: Basic Plan
INFO 2024-11-21 13:30:33,959 signals Client created: 1 - Test User
INFO 2024-11-21 13:30:33,960 signals Child created: 1 - Child One
INFO 2024-11-21 13:30:33,961 signals Subscription created: 1 - Child: Child, Type: Basic Plan
INFO 2024-11-21 13:30:34,247 signals Client created: 2 - New Client
INFO 2024-11-21 13:30:34,528 signals Client created: 1 - Test User
INFO 2024-11-21 13:30:34,529 signals Child created: 1 - Child One
INFO 2024-11-21 13:30:34,530 signals Subscription created: 1 - Child: Child, Type: Basic Plan
INFO 2024-11-21 13:30:34,816 signals Client created: 1 - Test User
INFO 2024-11-21 13:30:34,818 signals Child created: 1 - Child One
INFO 2024-11-21 13:30:34,818 signals Subscription created: 1 - Child: Child, Type: Basic Plan
INFO 2024-11-21 13:32:44,837 signals Client created: 1 - Test User
INFO 2024-11-21 13:32:44,839 signals Child created: 1 - Child One
INFO 2024-11-21 13:32:44,841 signals Subscription created: 1 - Child: Child, Type: Basic Plan
INFO 2024-11-21 13:32:45,564 signals Client created: 1 - Test User
INFO 2024-11-21 13:32:45,565 signals Child created: 1 - Child One
INFO 2024-11-21 13:32:45,566 signals Subscription created: 1 - Child: Child, Type: Basic Plan
INFO 2024-11-21 13:32:46,139 signals Client created: 1 - Test User
INFO 2024-11-21 13:32:46,141 signals Child created: 1 - Child One
INFO 2024-11-21 13:32:46,142 signals Subscription created: 1 - Child: Child, Type: Basic Plan
INFO 2024-11-21 13:32:46,976 signals Client created: 1 - Test User
INFO 2024-11-21 13:32:46,978 signals Child created: 1 - Child One
INFO 2024-11-21 13:32:46,979 signals Subscription created: 1 - Child: Child, Type: Basic Plan
INFO 2024-11-21 13:32:47,552 signals Client created: 1 - Test User
INFO 2024-11-21 13:32:47,553 signals Child created: 1 - Child One
INFO 2024-11-21 13:32:47,554 signals Subscription created: 1 - Child: Child, Type: Basic Plan
INFO 2024-11-21 13:32:47,830 signals Client created: 2 - New Client
INFO 2024-11-21 13:32:48,402 signals Client created: 1 - Test User
INFO 2024-11-21 13:32:48,403 signals Child created: 1 - Child One
INFO 2024-11-21 13:32:48,404 signals Subscription created: 1 - Child: Child, Type: Basic Plan
INFO 2024-11-21 13:32:48,965 signals Client created: 1 - Test User
INFO 2024-11-21 13:32:48,967 signals Child created: 1 - Child One
INFO 2024-11-21 13:32:48,968 signals Subscription created: 1 - Child: Child, Type: Basic Plan
INFO 2024-11-21 13:35:59,461 signals Client created: 1 - Test User
INFO 2024-11-21 13:35:59,464 signals Child created: 1 - Child One
INFO 2024-11-21 13:35:59,466 signals Subscription created: 1 - Child: Child, Type: Basic Plan
INFO 2024-11-21 13:36:00,276 signals Client created: 1 - Test User
INFO 2024-11-21 13:36:00,278 signals Child created: 1 - Child One
INFO 2024-11-21 13:36:00,279 signals Subscription created: 1 - Child: Child, Type: Basic Plan
INFO 2024-11-21 13:36:00,855 signals Client created: 1 - Test User
INFO 2024-11-21 13:36:00,856 signals Child created: 1 - Child One
INFO 2024-11-21 13:36:00,857 signals Subscription created: 1 - Child: Child, Type: Basic Plan
INFO 2024-11-21 13:36:01,691 signals Client created: 1 - Test User
INFO 2024-11-21 13:36:01,693 signals Child created: 1 - Child One
INFO 2024-11-21 13:36:01,694 signals Subscription created: 1 - Child: Child, Type: Basic Plan
INFO 2024-11-21 13:36:02,279 signals Client created: 1 - Test User
INFO 2024-11-21 13:36:02,281 signals Child created: 1 - Child One
INFO 2024-11-21 13:36:02,281 signals Subscription created: 1 - Child: Child, Type: Basic Plan
INFO 2024-11-21 13:36:02,571 signals Client created: 2 - New Client
INFO 2024-11-21 13:36:03,164 signals Client created: 1 - Test User
INFO 2024-11-21 13:36:03,165 signals Child created: 1 - Child One
INFO 2024-11-21 13:36:03,166 signals Subscription created: 1 - Child: Child, Type: Basic Plan
INFO 2024-11-21 13:36:03,747 signals Client created: 1 - Test User
INFO 2024-11-21 13:36:03,749 signals Child created: 1 - Child One
INFO 2024-11-21 13:36:03,750 signals Subscription created: 1 - Child: Child, Type: Basic Plan
INFO 2024-11-21 13:38:47,437 signals Client created: 1 - Test User
INFO 2024-11-21 13:38:47,439 signals Child created: 1 - Child One
INFO 2024-11-21 13:38:47,440 signals Subscription created: 1 - Child: Child, Type: Basic Plan
INFO 2024-11-21 13:38:48,183 signals Client created: 1 - Test User
INFO 2024-11-21 13:38:48,184 signals Child created: 1 - Child One
INFO 2024-11-21 13:38:48,185 signals Subscription created: 1 - Child: Child, Type: Basic Plan
INFO 2024-11-21 13:38:48,798 signals Client created: 1 - Test User
INFO 2024-11-21 13:38:48,799 signals Child created: 1 - Child One
INFO 2024-11-21 13:38:48,800 signals Subscription created: 1 - Child: Child, Type: Basic Plan
INFO 2024-11-21 13:38:49,667 signals Client created: 1 - Test User
INFO 2024-11-21 13:38:49,668 signals Child created: 1 - Child One
INFO 2024-11-21 13:38:49,669 signals Subscription created: 1 - Child: Child, Type: Basic Plan
INFO 2024-11-21 13:38:50,259 signals Client created: 1 - Test User
INFO 2024-11-21 13:38:50,261 signals Child created: 1 - Child One
INFO 2024-11-21 13:38:50,262 signals Subscription created: 1 - Child: Child, Type: Basic Plan
INFO 2024-11-21 13:38:50,549 signals Client created: 2 - New Client
INFO 2024-11-21 13:38:51,128 signals Client created: 1 - Test User
INFO 2024-11-21 13:38:51,129 signals Child created: 1 - Child One
INFO 2024-11-21 13:38:51,130 signals Subscription created: 1 - Child: Child, Type: Basic Plan
INFO 2024-11-21 13:38:51,715 signals Client created: 1 - Test User
INFO 2024-11-21 13:38:51,716 signals Child created: 1 - Child One
INFO 2024-11-21 13:38:51,717 signals Subscription created: 1 - Child: Child, Type: Basic Plan
INFO 2024-11-21 13:39:03,547 signals Client created: 1 - Test User
INFO 2024-11-21 13:39:03,549 signals Child created: 1 - Child One
INFO 2024-11-21 13:39:03,550 signals Subscription created: 1 - Child: Child, Type: Basic Plan
INFO 2024-11-21 13:39:04,292 signals Client created: 1 - Test User
INFO 2024-11-21 13:39:04,294 signals Child created: 1 - Child One
INFO 2024-11-21 13:39:04,294 signals Subscription created: 1 - Child: Child, Type: Basic Plan
INFO 2024-11-21 13:39:05,143 signals Client created: 1 - Test User
INFO 2024-11-21 13:39:05,144 signals Child created: 1 - Child One
INFO 2024-11-21 13:39:05,145 signals Subscription created: 1 - Child: Child, Type: Basic Plan
INFO 2024-11-21 13:39:05,780 signals Client created: 1 - Test User
INFO 2024-11-21 13:39:05,782 signals Child created: 1 - Child One
INFO 2024-11-21 13:39:05,783 signals Subscription created: 1 - Child: Child, Type: Basic Plan
INFO 2024-11-21 13:39:06,109 signals Client created: 2 - New Client
INFO 2024-11-21 13:39:06,746 signals Client created: 1 - Test User
INFO 2024-11-21 13:39:06,748 signals Child created: 1 - Child One
INFO 2024-11-21 13:39:06,749 signals Subscription created: 1 - Child: Child, Type: Basic Plan
INFO 2024-11-21 13:42:21,478 signals Client created: 1 - Test User
INFO 2024-11-21 13:42:21,479 signals Child created: 1 - Child One
INFO 2024-11-21 13:42:21,481 signals Subscription created: 1 - Child: Child, Type: Basic Plan
INFO 2024-11-21 13:42:22,075 signals Client created: 1 - Test User
INFO 2024-11-21 13:42:22,076 signals Child created: 1 - Child One
INFO 2024-11-21 13:42:22,076 signals Subscription created: 1 - Child: Child, Type: Basic Plan
INFO 2024-11-21 13:42:22,905 signals Client created: 1 - Test User
INFO 2024-11-21 13:42:22,906 signals Child created: 1 - Child One
INFO 2024-11-21 13:42:22,907 signals Subscription created: 1 - Child: Child, Type: Basic Plan
INFO 2024-11-21 13:42:23,479 signals Client created: 1 - Test User
INFO 2024-11-21 13:42:23,481 signals Child created: 1 - Child One
INFO 2024-11-21 13:42:23,482 signals Subscription created: 1 - Child: Child, Type: Basic Plan
INFO 2024-11-21 13:42:23,761 signals Client created: 2 - New Client
INFO 2024-11-21 13:42:24,314 signals Client created: 1 - Test User
INFO 2024-11-21 13:42:24,316 signals Child created: 1 - Child One
INFO 2024-11-21 13:42:24,317 signals Subscription created: 1 - Child: Child, Type: Basic Plan
INFO 2024-11-21 13:44:27,254 signals Client created: 1 - Test User
INFO 2024-11-21 13:44:27,256 signals Child created: 1 - Child One
INFO 2024-11-21 13:44:27,257 signals Subscription created: 1 - Child: Child, Type: Basic Plan
INFO 2024-11-21 13:44:27,851 signals Client created: 1 - Test User
INFO 2024-11-21 13:44:27,853 signals Child created: 1 - Child One
INFO 2024-11-21 13:44:27,853 signals Subscription created: 1 - Child: Child, Type: Basic Plan
INFO 2024-11-21 13:44:28,735 signals Client created: 1 - Test User
INFO 2024-11-21 13:44:28,736 signals Child created: 1 - Child One
INFO 2024-11-21 13:44:28,737 signals Subscription created: 1 - Child: Child, Type: Basic Plan
INFO 2024-11-21 13:44:29,291 signals Client created: 1 - Test User
INFO 2024-11-21 13:44:29,292 signals Child created: 1 - Child One
INFO 2024-11-21 13:44:29,292 signals Subscription created: 1 - Child: Child, Type: Basic Plan
INFO 2024-11-21 13:44:29,615 signals Client created: 2 - New Client
INFO 2024-11-21 13:44:30,304 signals Client created: 1 - Test User
INFO 2024-11-21 13:44:30,307 signals Child created: 1 - Child One
INFO 2024-11-21 13:44:30,309 signals Subscription created: 1 - Child: Child, Type: Basic Plan
INFO 2024-11-21 13:45:05,273 signals Client created: 1 - Test User
INFO 2024-11-21 13:45:05,275 signals Child created: 1 - Child One
INFO 2024-11-21 13:45:05,276 signals Subscription created: 1 - Child: Child, Type: Basic Plan
INFO 2024-11-21 13:45:05,876 signals Client created: 1 - Test User
INFO 2024-11-21 13:45:05,878 signals Child created: 1 - Child One
INFO 2024-11-21 13:45:05,879 signals Subscription created: 1 - Child: Child, Type: Basic Plan
INFO 2024-11-21 13:45:06,729 signals Client created: 1 - Test User
INFO 2024-11-21 13:45:06,730 signals Child created: 1 - Child One
INFO 2024-11-21 13:45:06,731 signals Subscription created: 1 - Child: Child, Type: Basic Plan
INFO 2024-11-21 13:45:07,297 signals Client created: 1 - Test User
INFO 2024-11-21 13:45:07,298 signals Child created: 1 - Child One
INFO 2024-11-21 13:45:07,299 signals Subscription created: 1 - Child: Child, Type: Basic Plan
INFO 2024-11-21 13:45:07,575 signals Client created: 2 - New Client
INFO 2024-11-21 13:45:08,126 signals Client created: 1 - Test User
INFO 2024-11-21 13:45:08,127 signals Child created: 1 - Child One
INFO 2024-11-21 13:45:08,128 signals Subscription created: 1 - Child: Child, Type: Basic Plan
INFO 2024-11-21 13:46:41,604 signals Client created: 1 - Test User
INFO 2024-11-21 13:46:41,605 signals Child created: 1 - Child One
INFO 2024-11-21 13:46:41,606 signals Subscription created: 1 - Child: Child, Type: Basic Plan
INFO 2024-11-21 13:46:42,227 signals Client created: 1 - Test User
INFO 2024-11-21 13:46:42,229 signals Child created: 1 - Child One
INFO 2024-11-21 13:46:42,230 signals Subscription created: 1 - Child: Child, Type: Basic Plan
INFO 2024-11-21 13:46:43,091 signals Client created: 1 - Test User
INFO 2024-11-21 13:46:43,092 signals Child created: 1 - Child One
INFO 2024-11-21 13:46:43,093 signals Subscription created: 1 - Child: Child, Type: Basic Plan
INFO 2024-11-21 13:46:43,670 signals Client created: 1 - Test User
INFO 2024-11-21 13:46:43,671 signals Child created: 1 - Child One
INFO 2024-11-21 13:46:43,672 signals Subscription created: 1 - Child: Child, Type: Basic Plan
INFO 2024-11-21 13:46:43,962 signals Client created: 2 - New Client
INFO 2024-11-21 13:46:44,536 signals Client created: 1 - Test User
INFO 2024-11-21 13:46:44,537 signals Child created: 1 - Child One
INFO 2024-11-21 13:46:44,538 signals Subscription created: 1 - Child: Child, Type: Basic Plan
INFO 2024-11-21 13:46:57,670 signals Client created: 1 - Test User
INFO 2024-11-21 13:46:57,672 signals Child created: 1 - Child One
INFO 2024-11-21 13:46:57,674 signals Subscription created: 1 - Child: Child, Type: Basic Plan
INFO 2024-11-21 13:46:58,334 signals Client created: 1 - Test User
INFO 2024-11-21 13:46:58,335 signals Child created: 1 - Child One
INFO 2024-11-21 13:46:58,336 signals Subscription created: 1 - Child: Child, Type: Basic Plan
INFO 2024-11-21 13:46:59,195 signals Client created: 1 - Test User
INFO 2024-11-21 13:46:59,197 signals Child created: 1 - Child One
INFO 2024-11-21 13:46:59,198 signals Subscription created: 1 - Child: Child, Type: Basic Plan
INFO 2024-11-21 13:46:59,768 signals Client created: 1 - Test User
INFO 2024-11-21 13:46:59,770 signals Child created: 1 - Child One
INFO 2024-11-21 13:46:59,771 signals Subscription created: 1 - Child: Child, Type: Basic Plan
INFO 2024-11-21 13:47:00,066 signals Client created: 2 - New Client
INFO 2024-11-21 13:47:00,632 signals Client created: 1 - Test User
INFO 2024-11-21 13:47:00,633 signals Child created: 1 - Child One
INFO 2024-11-21 13:47:00,634 signals Subscription created: 1 - Child: Child, Type: Basic Plan
INFO 2024-12-02 00:35:52,237 signals Client created: 8 - zhake m
INFO 2024-12-04 06:06:38,144 signals Subscription updated: 12 - Child: Test, Type: 12 months / 7-16
<<<<<<< HEAD
INFO 2024-12-04 09:30:11,632 signals Subscription updated: 13 - Child: Test 2, Type: 12 months / 7-16
INFO 2024-12-04 09:30:20,548 signals Subscription updated: 13 - Child: Test 2, Type: 12 months / 7-16
INFO 2024-12-06 00:42:30,704 signals Client created: 1 - Zhanibek Beisenov
INFO 2024-12-06 00:42:31,933 signals Client created: 2 - Iliyas Otegen
INFO 2024-12-06 00:42:33,162 signals Client created: 4 - z m
INFO 2024-12-06 00:42:34,289 signals Client created: 5 - testuanysh testouv
INFO 2024-12-06 00:42:35,351 signals Client created: 6 - Dosbol Bolatuly
INFO 2024-12-06 00:42:36,439 signals Client created: 7 - kuanysh kobeisinuly
INFO 2024-12-06 00:42:37,704 signals Client created: 8 - zhake m
INFO 2024-12-06 00:42:38,384 signals Child created: 8 - Test Child
INFO 2024-12-06 00:42:39,204 signals Child created: 9 - Test 2 Child
INFO 2024-12-06 00:42:40,022 signals Child created: 10 - Test 3 Testuly
INFO 2024-12-06 00:42:41,576 signals Subscription created: 12 - Child: Test, Type: 12 months / 7-16
INFO 2024-12-06 00:42:43,197 signals Subscription created: 13 - Child: Test 2, Type: 12 months / 7-16
INFO 2024-12-06 00:50:45,918 signals Client created: 1 - Zhanibek Beisenov
INFO 2024-12-06 00:50:47,044 signals Client created: 2 - Iliyas Otegen
INFO 2024-12-06 00:50:48,274 signals Client created: 4 - z m
INFO 2024-12-06 00:50:49,503 signals Client created: 5 - testuanysh testouv
INFO 2024-12-06 00:50:50,688 signals Client created: 6 - Dosbol Bolatuly
INFO 2024-12-06 00:50:51,857 signals Client created: 7 - kuanysh kobeisinuly
INFO 2024-12-06 00:50:53,040 signals Client created: 8 - zhake m
INFO 2024-12-06 00:50:53,730 signals Child created: 8 - Test Child
INFO 2024-12-06 00:50:54,418 signals Child created: 9 - Test 2 Child
INFO 2024-12-06 00:50:55,097 signals Child created: 10 - Test 3 Testuly
INFO 2024-12-06 00:50:56,593 signals Subscription created: 12 - Child: Test, Type: 12 months / 7-16
INFO 2024-12-06 00:50:58,042 signals Subscription created: 13 - Child: Test 2, Type: 12 months / 7-16
INFO 2024-12-06 00:56:40,941 signals Client updated: 1 - Zhanibek Beisenov
INFO 2024-12-06 00:56:40,942 signals Client updated: 2 - Iliyas Otegen
INFO 2024-12-06 00:56:40,942 signals Client updated: 4 - z m
INFO 2024-12-06 00:56:40,943 signals Client updated: 5 - testuanysh testouv
INFO 2024-12-06 00:56:40,943 signals Client updated: 6 - Dosbol Bolatuly
INFO 2024-12-06 00:56:40,944 signals Client updated: 7 - kuanysh kobeisinuly
INFO 2024-12-06 00:56:40,944 signals Client updated: 8 - zhake m
INFO 2024-12-06 00:56:40,944 signals Child updated: 8 - Test Child
INFO 2024-12-06 00:56:40,945 signals Child updated: 9 - Test 2 Child
INFO 2024-12-06 00:56:40,945 signals Child updated: 10 - Test 3 Testuly
INFO 2024-12-06 00:56:40,946 signals Subscription updated: 12 - Child: Test, Type: 12 months / 7-16
INFO 2024-12-06 00:56:40,947 signals Subscription updated: 13 - Child: Test 2, Type: 12 months / 7-16
INFO 2024-12-06 00:57:51,778 signals Client created: 1 - Zhanibek Beisenov
INFO 2024-12-06 00:57:52,846 signals Client created: 2 - Iliyas Otegen
INFO 2024-12-06 00:57:53,818 signals Client created: 4 - z m
INFO 2024-12-06 00:57:54,879 signals Client created: 5 - testuanysh testouv
INFO 2024-12-06 00:57:55,942 signals Client created: 6 - Dosbol Bolatuly
INFO 2024-12-06 00:57:56,944 signals Client created: 7 - kuanysh kobeisinuly
INFO 2024-12-06 00:57:58,075 signals Client created: 8 - zhake m
INFO 2024-12-06 00:57:58,874 signals Child created: 8 - Test Child
INFO 2024-12-06 00:57:59,636 signals Child created: 9 - Test 2 Child
INFO 2024-12-06 00:58:00,305 signals Child created: 10 - Test 3 Testuly
INFO 2024-12-06 00:58:01,673 signals Subscription created: 12 - Child: Test, Type: 12 months / 7-16
INFO 2024-12-06 00:58:03,040 signals Subscription created: 13 - Child: Test 2, Type: 12 months / 7-16
INFO 2024-12-06 01:06:00,569 signals Client created: 1 - Zhanibek Beisenov
INFO 2024-12-06 01:06:01,799 signals Client created: 2 - Iliyas Otegen
INFO 2024-12-06 01:06:02,925 signals Client created: 4 - z m
INFO 2024-12-06 01:06:04,094 signals Client created: 5 - testuanysh testouv
INFO 2024-12-06 01:06:05,159 signals Client created: 6 - Dosbol Bolatuly
INFO 2024-12-06 01:06:06,342 signals Client created: 7 - kuanysh kobeisinuly
INFO 2024-12-06 01:06:07,534 signals Client created: 8 - zhake m
INFO 2024-12-06 01:06:08,290 signals Child created: 8 - Test Child
INFO 2024-12-06 01:06:09,069 signals Child created: 9 - Test 2 Child
INFO 2024-12-06 01:06:09,889 signals Child created: 10 - Test 3 Testuly
INFO 2024-12-06 01:06:11,363 signals Subscription created: 12 - Child: Test, Type: 12 months / 7-16
INFO 2024-12-06 01:06:12,961 signals Subscription created: 13 - Child: Test 2, Type: 12 months / 7-16
INFO 2024-12-06 01:15:04,635 signals Client created: 1 - Zhanibek Beisenov
INFO 2024-12-06 01:15:05,756 signals Client created: 2 - Iliyas Otegen
INFO 2024-12-06 01:15:06,892 signals Client created: 4 - z m
INFO 2024-12-06 01:15:08,072 signals Client created: 5 - testuanysh testouv
INFO 2024-12-06 01:15:09,237 signals Client created: 6 - Dosbol Bolatuly
INFO 2024-12-06 01:15:10,305 signals Client created: 7 - kuanysh kobeisinuly
INFO 2024-12-06 01:15:11,490 signals Client created: 8 - zhake m
INFO 2024-12-06 01:15:12,230 signals Child created: 8 - Test Child
INFO 2024-12-06 01:15:13,026 signals Child created: 9 - Test 2 Child
INFO 2024-12-06 01:15:13,845 signals Child created: 10 - Test 3 Testuly
INFO 2024-12-06 01:15:15,485 signals Subscription created: 12 - Child: Test, Type: 12 months / 7-16
INFO 2024-12-06 01:15:17,123 signals Subscription created: 13 - Child: Test 2, Type: 12 months / 7-16
=======
INFO 2024-12-11 04:24:19,173 signals Subscription updated: 12 - Child: Test, Type: 12 months / 7-16
INFO 2024-12-11 05:02:11,679 signals Subscription updated: 13 - Child: Test 2, Type: 12 months / 7-16
INFO 2024-12-11 05:15:38,737 signals Subscription updated: 12 - Child: Test, Type: 12 months / 7-16
>>>>>>> main
